Arguments: 
  /usr/local/bin/node /usr/local/bin/yarn add webpack-cli -D

PATH: 
  /usr/local/bin:/usr/bin:/bin:/usr/sbin:/sbin:/Users/lv/Library/Android/sdk/platform-tools

Yarn version: 
  0.24.5

Node version: 
  8.9.0

Platform: 
  darwin x64

npm manifest: 
  {
    "name": "webpackDemo",
    "version": "1.0.0",
    "description": "",
    "main": "index.js",
    "scripts": {
      "test": "echo \"Error: no test specified\" && exit 1",
      "dev": "webpack --mode development"
    },
    "keywords": [],
    "author": "",
    "license": "ISC",
    "devDependencies": {
      "webpack-cli": "^2.0.13",
      "wepack": "^0.0.1"
    }
  }

yarn manifest: 
  No manifest

Lockfile: 
  No lockfile

Trace: 
  Error: EEXIST: file already exists, mkdir '/Users/lv/Desktop/webpackDemo/node_modules/babel-core'
